<?xml version="1.0" encoding="UTF-8"?>
<testng-results skipped="0" failed="2" ignored="0" total="17" passed="15">
  <reporter-output>
  </reporter-output>
  <suite name="Functional Testing LoginPage" duration-ms="27872" started-at="2020-11-19T17:07:59 EST" finished-at="2020-11-19T17:08:27 EST">
    <groups>
    </groups>
    <test name="LoginPage_Create_an_Account" duration-ms="12993" started-at="2020-11-19T17:07:59 EST" finished-at="2020-11-19T17:08:12 EST">
      <class name="firmLead_TechnicalInterview.LoginPage_Create_an_Account">
        <test-method status="PASS" signature="landingPage()[pri:0, instance:firmLead_TechnicalInterview.LoginPage_Create_an_Account@37918c79]" name="landingPage" is-config="true" duration-ms="6340" started-at="2020-11-19T17:07:59 EST" finished-at="2020-11-19T17:08:05 EST">
          <reporter-output>
          </reporter-output>
        </test-method> <!-- landingPage -->
        <test-method status="PASS" signature="LoginPage_CreateAnAccount_001_Clicking_link()[pri:1, instance:firmLead_TechnicalInterview.LoginPage_Create_an_Account@37918c79]" name="LoginPage_CreateAnAccount_001_Clicking_link" duration-ms="158" started-at="2020-11-19T17:08:05 EST" finished-at="2020-11-19T17:08:06 EST">
          <reporter-output>
          </reporter-output>
        </test-method> <!-- LoginPage_CreateAnAccount_001_Clicking_link -->
        <test-method status="PASS" signature="BackToLandingPage()[pri:0, instance:firmLead_TechnicalInterview.LoginPage_Create_an_Account@37918c79]" name="BackToLandingPage" is-config="true" duration-ms="561" started-at="2020-11-19T17:08:06 EST" finished-at="2020-11-19T17:08:06 EST">
          <reporter-output>
          </reporter-output>
        </test-method> <!-- BackToLandingPage -->
        <test-method status="FAIL" signature="LoginPage_CreateAnAccount_002_Valid_FirstName_LastName_Email()[pri:2, instance:firmLead_TechnicalInterview.LoginPage_Create_an_Account@37918c79]" name="LoginPage_CreateAnAccount_002_Valid_FirstName_LastName_Email" duration-ms="629" started-at="2020-11-19T17:08:06 EST" finished-at="2020-11-19T17:08:07 EST">
          <exception class="java.lang.AssertionError">
            <message>
              <![CDATA[did not expect [https://demo.combyne.ag/onboard/details] but found [https://demo.combyne.ag/onboard/details]]]>
            </message>
            <full-stacktrace>
              <![CDATA[java.lang.AssertionError: did not expect [https://demo.combyne.ag/onboard/details] but found [https://demo.combyne.ag/onboard/details]
at org.testng.Assert.fail(Assert.java:97)
at org.testng.Assert.assertNotEquals(Assert.java:1404)
at org.testng.Assert.assertNotEquals(Assert.java:1409)
at firmLead_TechnicalInterview.LoginPage_Create_an_Account.LoginPage_CreateAnAccount_002_Valid_FirstName_LastName_Email(LoginPage_Create_an_Account.java:95)
at sun.reflect.NativeMethodAccessorImpl.invoke0(Native Method)
at sun.reflect.NativeMethodAccessorImpl.invoke(Unknown Source)
at sun.reflect.DelegatingMethodAccessorImpl.invoke(Unknown Source)
at java.lang.reflect.Method.invoke(Unknown Source)
at org.testng.internal.MethodInvocationHelper.invokeMethod(MethodInvocationHelper.java:135)
at org.testng.internal.TestInvoker.invokeMethod(TestInvoker.java:598)
at org.testng.internal.TestInvoker.invokeTestMethod(TestInvoker.java:174)
at org.testng.internal.MethodRunner.runInSequence(MethodRunner.java:46)
at org.testng.internal.TestInvoker$MethodInvocationAgent.invoke(TestInvoker.java:821)
at org.testng.internal.TestInvoker.invokeTestMethods(TestInvoker.java:147)
at org.testng.internal.TestMethodWorker.invokeTestMethods(TestMethodWorker.java:146)
at org.testng.internal.TestMethodWorker.run(TestMethodWorker.java:128)
at java.util.ArrayList.forEach(Unknown Source)
at org.testng.TestRunner.privateRun(TestRunner.java:767)
at org.testng.TestRunner.run(TestRunner.java:588)
at org.testng.SuiteRunner.runTest(SuiteRunner.java:384)
at org.testng.SuiteRunner.runSequentially(SuiteRunner.java:378)
at org.testng.SuiteRunner.privateRun(SuiteRunner.java:337)
at org.testng.SuiteRunner.run(SuiteRunner.java:286)
at org.testng.SuiteRunnerWorker.runSuite(SuiteRunnerWorker.java:53)
at org.testng.SuiteRunnerWorker.run(SuiteRunnerWorker.java:96)
at org.testng.TestNG.runSuitesSequentially(TestNG.java:1214)
at org.testng.TestNG.runSuitesLocally(TestNG.java:1136)
at org.testng.TestNG.runSuites(TestNG.java:1066)
at org.testng.TestNG.run(TestNG.java:1034)
at org.testng.remote.AbstractRemoteTestNG.run(AbstractRemoteTestNG.java:115)
at org.testng.remote.RemoteTestNG.initAndRun(RemoteTestNG.java:251)
at org.testng.remote.RemoteTestNG.main(RemoteTestNG.java:77)
]]>
            </full-stacktrace>
          </exception> <!-- java.lang.AssertionError -->
          <reporter-output>
          </reporter-output>
        </test-method> <!-- LoginPage_CreateAnAccount_002_Valid_FirstName_LastName_Email -->
        <test-method status="PASS" signature="BackToLandingPage()[pri:0, instance:firmLead_TechnicalInterview.LoginPage_Create_an_Account@37918c79]" name="BackToLandingPage" is-config="true" duration-ms="329" started-at="2020-11-19T17:08:07 EST" finished-at="2020-11-19T17:08:07 EST">
          <reporter-output>
          </reporter-output>
        </test-method> <!-- BackToLandingPage -->
        <test-method status="PASS" signature="LoginPage_CreateAnAccount_003_Valid_FirstName_validEmail()[pri:3, instance:firmLead_TechnicalInterview.LoginPage_Create_an_Account@37918c79]" name="LoginPage_CreateAnAccount_003_Valid_FirstName_validEmail" duration-ms="505" started-at="2020-11-19T17:08:07 EST" finished-at="2020-11-19T17:08:08 EST">
          <reporter-output>
          </reporter-output>
        </test-method> <!-- LoginPage_CreateAnAccount_003_Valid_FirstName_validEmail -->
        <test-method status="PASS" signature="BackToLandingPage()[pri:0, instance:firmLead_TechnicalInterview.LoginPage_Create_an_Account@37918c79]" name="BackToLandingPage" is-config="true" duration-ms="311" started-at="2020-11-19T17:08:08 EST" finished-at="2020-11-19T17:08:08 EST">
          <reporter-output>
          </reporter-output>
        </test-method> <!-- BackToLandingPage -->
        <test-method status="PASS" signature="LoginPage_CreateAnAccount_004_Valid_FirstName_validlastname()[pri:4, instance:firmLead_TechnicalInterview.LoginPage_Create_an_Account@37918c79]" name="LoginPage_CreateAnAccount_004_Valid_FirstName_validlastname" duration-ms="453" started-at="2020-11-19T17:08:08 EST" finished-at="2020-11-19T17:08:08 EST">
          <reporter-output>
          </reporter-output>
        </test-method> <!-- LoginPage_CreateAnAccount_004_Valid_FirstName_validlastname -->
        <test-method status="PASS" signature="BackToLandingPage()[pri:0, instance:firmLead_TechnicalInterview.LoginPage_Create_an_Account@37918c79]" name="BackToLandingPage" is-config="true" duration-ms="281" started-at="2020-11-19T17:08:08 EST" finished-at="2020-11-19T17:08:09 EST">
          <reporter-output>
          </reporter-output>
        </test-method> <!-- BackToLandingPage -->
        <test-method status="PASS" signature="LoginPage_CreateAnAccount_005_NoCredentials()[pri:5, instance:firmLead_TechnicalInterview.LoginPage_Create_an_Account@37918c79]" name="LoginPage_CreateAnAccount_005_NoCredentials" duration-ms="546" started-at="2020-11-19T17:08:09 EST" finished-at="2020-11-19T17:08:09 EST">
          <reporter-output>
          </reporter-output>
        </test-method> <!-- LoginPage_CreateAnAccount_005_NoCredentials -->
        <test-method status="PASS" signature="BackToLandingPage()[pri:0, instance:firmLead_TechnicalInterview.LoginPage_Create_an_Account@37918c79]" name="BackToLandingPage" is-config="true" duration-ms="444" started-at="2020-11-19T17:08:09 EST" finished-at="2020-11-19T17:08:10 EST">
          <reporter-output>
          </reporter-output>
        </test-method> <!-- BackToLandingPage -->
        <test-method status="PASS" signature="LoginPage_CreateAnAccount_006_FirstName()[pri:6, instance:firmLead_TechnicalInterview.LoginPage_Create_an_Account@37918c79]" name="LoginPage_CreateAnAccount_006_FirstName" duration-ms="344" started-at="2020-11-19T17:08:10 EST" finished-at="2020-11-19T17:08:10 EST">
          <reporter-output>
          </reporter-output>
        </test-method> <!-- LoginPage_CreateAnAccount_006_FirstName -->
        <test-method status="PASS" signature="BackToLandingPage()[pri:0, instance:firmLead_TechnicalInterview.LoginPage_Create_an_Account@37918c79]" name="BackToLandingPage" is-config="true" duration-ms="482" started-at="2020-11-19T17:08:10 EST" finished-at="2020-11-19T17:08:10 EST">
          <reporter-output>
          </reporter-output>
        </test-method> <!-- BackToLandingPage -->
        <test-method status="PASS" signature="LoginPage_CreateAnAccount_007_LastName()[pri:7, instance:firmLead_TechnicalInterview.LoginPage_Create_an_Account@37918c79]" name="LoginPage_CreateAnAccount_007_LastName" duration-ms="324" started-at="2020-11-19T17:08:10 EST" finished-at="2020-11-19T17:08:11 EST">
          <reporter-output>
          </reporter-output>
        </test-method> <!-- LoginPage_CreateAnAccount_007_LastName -->
        <test-method status="PASS" signature="BackToLandingPage()[pri:0, instance:firmLead_TechnicalInterview.LoginPage_Create_an_Account@37918c79]" name="BackToLandingPage" is-config="true" duration-ms="350" started-at="2020-11-19T17:08:11 EST" finished-at="2020-11-19T17:08:11 EST">
          <reporter-output>
          </reporter-output>
        </test-method> <!-- BackToLandingPage -->
        <test-method status="PASS" signature="LoginPage_CreateAnAccount_008_Email()[pri:8, instance:firmLead_TechnicalInterview.LoginPage_Create_an_Account@37918c79]" name="LoginPage_CreateAnAccount_008_Email" duration-ms="397" started-at="2020-11-19T17:08:11 EST" finished-at="2020-11-19T17:08:12 EST">
          <reporter-output>
          </reporter-output>
        </test-method> <!-- LoginPage_CreateAnAccount_008_Email -->
        <test-method status="PASS" signature="BackToLandingPage()[pri:0, instance:firmLead_TechnicalInterview.LoginPage_Create_an_Account@37918c79]" name="BackToLandingPage" is-config="true" duration-ms="319" started-at="2020-11-19T17:08:12 EST" finished-at="2020-11-19T17:08:12 EST">
          <reporter-output>
          </reporter-output>
        </test-method> <!-- BackToLandingPage -->
        <test-method status="PASS" signature="TerminateDriver()[pri:0, instance:firmLead_TechnicalInterview.LoginPage_Create_an_Account@37918c79]" name="TerminateDriver" is-config="true" duration-ms="120" started-at="2020-11-19T17:08:12 EST" finished-at="2020-11-19T17:08:12 EST">
          <reporter-output>
          </reporter-output>
        </test-method> <!-- TerminateDriver -->
      </class> <!-- firmLead_TechnicalInterview.LoginPage_Create_an_Account -->
    </test> <!-- LoginPage_Create_an_Account -->
    <test name="LoginPage_LoginFunctionality" duration-ms="9304" started-at="2020-11-19T17:08:12 EST" finished-at="2020-11-19T17:08:21 EST">
      <class name="firmLead_TechnicalInterview.LoginPage_LoginFunctionality">
        <test-method status="PASS" signature="landingPage()[pri:0, instance:firmLead_TechnicalInterview.LoginPage_LoginFunctionality@45b9a632]" name="landingPage" is-config="true" duration-ms="4539" started-at="2020-11-19T17:08:12 EST" finished-at="2020-11-19T17:08:17 EST">
          <reporter-output>
          </reporter-output>
        </test-method> <!-- landingPage -->
        <test-method status="PASS" signature="loginFunctionality_012_Email_TextBoxenable()[pri:1, instance:firmLead_TechnicalInterview.LoginPage_LoginFunctionality@45b9a632]" name="loginFunctionality_012_Email_TextBoxenable" duration-ms="151" started-at="2020-11-19T17:08:17 EST" finished-at="2020-11-19T17:08:17 EST">
          <reporter-output>
          </reporter-output>
        </test-method> <!-- loginFunctionality_012_Email_TextBoxenable -->
        <test-method status="PASS" signature="BackToLandingPage()[pri:0, instance:firmLead_TechnicalInterview.LoginPage_LoginFunctionality@45b9a632]" name="BackToLandingPage" is-config="true" duration-ms="381" started-at="2020-11-19T17:08:17 EST" finished-at="2020-11-19T17:08:17 EST">
          <reporter-output>
          </reporter-output>
        </test-method> <!-- BackToLandingPage -->
        <test-method status="PASS" signature="loginFunctionality_013_Password_TextBoxEnable()[pri:2, instance:firmLead_TechnicalInterview.LoginPage_LoginFunctionality@45b9a632]" name="loginFunctionality_013_Password_TextBoxEnable" duration-ms="36" started-at="2020-11-19T17:08:17 EST" finished-at="2020-11-19T17:08:17 EST">
          <reporter-output>
          </reporter-output>
        </test-method> <!-- loginFunctionality_013_Password_TextBoxEnable -->
        <test-method status="PASS" signature="BackToLandingPage()[pri:0, instance:firmLead_TechnicalInterview.LoginPage_LoginFunctionality@45b9a632]" name="BackToLandingPage" is-config="true" duration-ms="458" started-at="2020-11-19T17:08:17 EST" finished-at="2020-11-19T17:08:18 EST">
          <reporter-output>
          </reporter-output>
        </test-method> <!-- BackToLandingPage -->
        <test-method status="FAIL" signature="loginFunctionality_014_ValidEmail_ValidPassword()[pri:3, instance:firmLead_TechnicalInterview.LoginPage_LoginFunctionality@45b9a632]" name="loginFunctionality_014_ValidEmail_ValidPassword" duration-ms="455" started-at="2020-11-19T17:08:18 EST" finished-at="2020-11-19T17:08:18 EST">
          <exception class="java.lang.AssertionError">
            <message>
              <![CDATA[did not expect [https://demo.combyne.ag/login] but found [https://demo.combyne.ag/login]]]>
            </message>
            <full-stacktrace>
              <![CDATA[java.lang.AssertionError: did not expect [https://demo.combyne.ag/login] but found [https://demo.combyne.ag/login]
at org.testng.Assert.fail(Assert.java:97)
at org.testng.Assert.assertNotEquals(Assert.java:1404)
at org.testng.Assert.assertNotEquals(Assert.java:1409)
at firmLead_TechnicalInterview.LoginPage_LoginFunctionality.loginFunctionality_014_ValidEmail_ValidPassword(LoginPage_LoginFunctionality.java:97)
at sun.reflect.NativeMethodAccessorImpl.invoke0(Native Method)
at sun.reflect.NativeMethodAccessorImpl.invoke(Unknown Source)
at sun.reflect.DelegatingMethodAccessorImpl.invoke(Unknown Source)
at java.lang.reflect.Method.invoke(Unknown Source)
at org.testng.internal.MethodInvocationHelper.invokeMethod(MethodInvocationHelper.java:135)
at org.testng.internal.TestInvoker.invokeMethod(TestInvoker.java:598)
at org.testng.internal.TestInvoker.invokeTestMethod(TestInvoker.java:174)
at org.testng.internal.MethodRunner.runInSequence(MethodRunner.java:46)
at org.testng.internal.TestInvoker$MethodInvocationAgent.invoke(TestInvoker.java:821)
at org.testng.internal.TestInvoker.invokeTestMethods(TestInvoker.java:147)
at org.testng.internal.TestMethodWorker.invokeTestMethods(TestMethodWorker.java:146)
at org.testng.internal.TestMethodWorker.run(TestMethodWorker.java:128)
at java.util.ArrayList.forEach(Unknown Source)
at org.testng.TestRunner.privateRun(TestRunner.java:767)
at org.testng.TestRunner.run(TestRunner.java:588)
at org.testng.SuiteRunner.runTest(SuiteRunner.java:384)
at org.testng.SuiteRunner.runSequentially(SuiteRunner.java:378)
at org.testng.SuiteRunner.privateRun(SuiteRunner.java:337)
at org.testng.SuiteRunner.run(SuiteRunner.java:286)
at org.testng.SuiteRunnerWorker.runSuite(SuiteRunnerWorker.java:53)
at org.testng.SuiteRunnerWorker.run(SuiteRunnerWorker.java:96)
at org.testng.TestNG.runSuitesSequentially(TestNG.java:1214)
at org.testng.TestNG.runSuitesLocally(TestNG.java:1136)
at org.testng.TestNG.runSuites(TestNG.java:1066)
at org.testng.TestNG.run(TestNG.java:1034)
at org.testng.remote.AbstractRemoteTestNG.run(AbstractRemoteTestNG.java:115)
at org.testng.remote.RemoteTestNG.initAndRun(RemoteTestNG.java:251)
at org.testng.remote.RemoteTestNG.main(RemoteTestNG.java:77)
]]>
            </full-stacktrace>
          </exception> <!-- java.lang.AssertionError -->
          <reporter-output>
          </reporter-output>
        </test-method> <!-- loginFunctionality_014_ValidEmail_ValidPassword -->
        <test-method status="PASS" signature="BackToLandingPage()[pri:0, instance:firmLead_TechnicalInterview.LoginPage_LoginFunctionality@45b9a632]" name="BackToLandingPage" is-config="true" duration-ms="384" started-at="2020-11-19T17:08:18 EST" finished-at="2020-11-19T17:08:19 EST">
          <reporter-output>
          </reporter-output>
        </test-method> <!-- BackToLandingPage -->
        <test-method status="PASS" signature="loginFunctionality_015_InvalidEmail_ValidPassword()[pri:4, instance:firmLead_TechnicalInterview.LoginPage_LoginFunctionality@45b9a632]" name="loginFunctionality_015_InvalidEmail_ValidPassword" duration-ms="597" started-at="2020-11-19T17:08:19 EST" finished-at="2020-11-19T17:08:19 EST">
          <reporter-output>
          </reporter-output>
        </test-method> <!-- loginFunctionality_015_InvalidEmail_ValidPassword -->
        <test-method status="PASS" signature="BackToLandingPage()[pri:0, instance:firmLead_TechnicalInterview.LoginPage_LoginFunctionality@45b9a632]" name="BackToLandingPage" is-config="true" duration-ms="277" started-at="2020-11-19T17:08:19 EST" finished-at="2020-11-19T17:08:19 EST">
          <reporter-output>
          </reporter-output>
        </test-method> <!-- BackToLandingPage -->
        <test-method status="PASS" signature="loginFunctionality_016_ValidEmail_InvalidPassword()[pri:5, instance:firmLead_TechnicalInterview.LoginPage_LoginFunctionality@45b9a632]" name="loginFunctionality_016_ValidEmail_InvalidPassword" duration-ms="375" started-at="2020-11-19T17:08:19 EST" finished-at="2020-11-19T17:08:20 EST">
          <reporter-output>
          </reporter-output>
        </test-method> <!-- loginFunctionality_016_ValidEmail_InvalidPassword -->
        <test-method status="PASS" signature="BackToLandingPage()[pri:0, instance:firmLead_TechnicalInterview.LoginPage_LoginFunctionality@45b9a632]" name="BackToLandingPage" is-config="true" duration-ms="314" started-at="2020-11-19T17:08:20 EST" finished-at="2020-11-19T17:08:20 EST">
          <reporter-output>
          </reporter-output>
        </test-method> <!-- BackToLandingPage -->
        <test-method status="PASS" signature="loginFunctionality_017_NoEmail_NoPassword()[pri:6, instance:firmLead_TechnicalInterview.LoginPage_LoginFunctionality@45b9a632]" name="loginFunctionality_017_NoEmail_NoPassword" duration-ms="341" started-at="2020-11-19T17:08:20 EST" finished-at="2020-11-19T17:08:20 EST">
          <reporter-output>
          </reporter-output>
        </test-method> <!-- loginFunctionality_017_NoEmail_NoPassword -->
        <test-method status="PASS" signature="BackToLandingPage()[pri:0, instance:firmLead_TechnicalInterview.LoginPage_LoginFunctionality@45b9a632]" name="BackToLandingPage" is-config="true" duration-ms="290" started-at="2020-11-19T17:08:20 EST" finished-at="2020-11-19T17:08:21 EST">
          <reporter-output>
          </reporter-output>
        </test-method> <!-- BackToLandingPage -->
        <test-method status="PASS" signature="loginFunctionality_018_InvalidEmail_InvalidPassword()[pri:7, instance:firmLead_TechnicalInterview.LoginPage_LoginFunctionality@45b9a632]" name="loginFunctionality_018_InvalidEmail_InvalidPassword" duration-ms="337" started-at="2020-11-19T17:08:21 EST" finished-at="2020-11-19T17:08:21 EST">
          <reporter-output>
          </reporter-output>
        </test-method> <!-- loginFunctionality_018_InvalidEmail_InvalidPassword -->
        <test-method status="PASS" signature="BackToLandingPage()[pri:0, instance:firmLead_TechnicalInterview.LoginPage_LoginFunctionality@45b9a632]" name="BackToLandingPage" is-config="true" duration-ms="255" started-at="2020-11-19T17:08:21 EST" finished-at="2020-11-19T17:08:21 EST">
          <reporter-output>
          </reporter-output>
        </test-method> <!-- BackToLandingPage -->
        <test-method status="PASS" signature="TerminateDriver()[pri:0, instance:firmLead_TechnicalInterview.LoginPage_LoginFunctionality@45b9a632]" name="TerminateDriver" is-config="true" duration-ms="93" started-at="2020-11-19T17:08:21 EST" finished-at="2020-11-19T17:08:21 EST">
          <reporter-output>
          </reporter-output>
        </test-method> <!-- TerminateDriver -->
      </class> <!-- firmLead_TechnicalInterview.LoginPage_LoginFunctionality -->
    </test> <!-- LoginPage_LoginFunctionality -->
    <test name="LoginPage_ForgetPass" duration-ms="5449" started-at="2020-11-19T17:08:21 EST" finished-at="2020-11-19T17:08:27 EST">
      <class name="firmLead_TechnicalInterview.LoginPage_ForgetPass">
        <test-method status="PASS" signature="landingPage()[pri:0, instance:firmLead_TechnicalInterview.LoginPage_ForgetPass@3c9d0b9d]" name="landingPage" is-config="true" duration-ms="4496" started-at="2020-11-19T17:08:21 EST" finished-at="2020-11-19T17:08:26 EST">
          <reporter-output>
          </reporter-output>
        </test-method> <!-- landingPage -->
        <test-method status="PASS" signature="Forget_Password_Linkfunctionality()[pri:1, instance:firmLead_TechnicalInterview.LoginPage_ForgetPass@3c9d0b9d]" name="Forget_Password_Linkfunctionality" duration-ms="177" started-at="2020-11-19T17:08:26 EST" finished-at="2020-11-19T17:08:26 EST">
          <reporter-output>
          </reporter-output>
        </test-method> <!-- Forget_Password_Linkfunctionality -->
        <test-method status="PASS" signature="BackToLandingPage()[pri:0, instance:firmLead_TechnicalInterview.LoginPage_ForgetPass@3c9d0b9d]" name="BackToLandingPage" is-config="true" duration-ms="376" started-at="2020-11-19T17:08:26 EST" finished-at="2020-11-19T17:08:26 EST">
          <reporter-output>
          </reporter-output>
        </test-method> <!-- BackToLandingPage -->
        <test-method status="PASS" signature="Forget_Password_funct()[pri:2, instance:firmLead_TechnicalInterview.LoginPage_ForgetPass@3c9d0b9d]" name="Forget_Password_funct" duration-ms="93" started-at="2020-11-19T17:08:26 EST" finished-at="2020-11-19T17:08:27 EST">
          <reporter-output>
          </reporter-output>
        </test-method> <!-- Forget_Password_funct -->
        <test-method status="PASS" signature="BackToLandingPage()[pri:0, instance:firmLead_TechnicalInterview.LoginPage_ForgetPass@3c9d0b9d]" name="BackToLandingPage" is-config="true" duration-ms="237" started-at="2020-11-19T17:08:27 EST" finished-at="2020-11-19T17:08:27 EST">
          <reporter-output>
          </reporter-output>
        </test-method> <!-- BackToLandingPage -->
        <test-method status="PASS" signature="TerminateDriver()[pri:0, instance:firmLead_TechnicalInterview.LoginPage_ForgetPass@3c9d0b9d]" name="TerminateDriver" is-config="true" duration-ms="66" started-at="2020-11-19T17:08:27 EST" finished-at="2020-11-19T17:08:27 EST">
          <reporter-output>
          </reporter-output>
        </test-method> <!-- TerminateDriver -->
      </class> <!-- firmLead_TechnicalInterview.LoginPage_ForgetPass -->
    </test> <!-- LoginPage_ForgetPass -->
  </suite> <!-- Functional Testing LoginPage -->
</testng-results>
