<?xml version="1.0" encoding="UTF-8"?>
<!-- Generated by org.testng.reporters.JUnitXMLReporter -->
<testsuite hostname="LAPTOP-5EGJT544" ignored="0" name="LoginPage_Create_an_Account" tests="8" failures="1" timestamp="2020-11-19T17:08:12 EST" time="12.993" errors="0">
  <testcase name="LoginPage_CreateAnAccount_001_Clicking_link" time="0.158" classname="firmLead_TechnicalInterview.LoginPage_Create_an_Account"/>
  <testcase name="LoginPage_CreateAnAccount_002_Valid_FirstName_LastName_Email" time="0.629" classname="firmLead_TechnicalInterview.LoginPage_Create_an_Account">
    <failure type="java.lang.AssertionError" message="did not expect [https://demo.combyne.ag/onboard/details] but found [https://demo.combyne.ag/onboard/details]">
      <![CDATA[java.lang.AssertionError: did not expect [https://demo.combyne.ag/onboard/details] but found [https://demo.combyne.ag/onboard/details]
at firmLead_TechnicalInterview.LoginPage_Create_an_Account.LoginPage_CreateAnAccount_002_Valid_FirstName_LastName_Email(LoginPage_Create_an_Account.java:95)
at java.util.ArrayList.forEach(Unknown Source)
... Removed 30 stack frames]]>
    </failure>
  </testcase> <!-- LoginPage_CreateAnAccount_002_Valid_FirstName_LastName_Email -->
  <testcase name="LoginPage_CreateAnAccount_003_Valid_FirstName_validEmail" time="0.505" classname="firmLead_TechnicalInterview.LoginPage_Create_an_Account"/>
  <testcase name="LoginPage_CreateAnAccount_004_Valid_FirstName_validlastname" time="0.453" classname="firmLead_TechnicalInterview.LoginPage_Create_an_Account"/>
  <testcase name="LoginPage_CreateAnAccount_005_NoCredentials" time="0.546" classname="firmLead_TechnicalInterview.LoginPage_Create_an_Account"/>
  <testcase name="LoginPage_CreateAnAccount_006_FirstName" time="0.344" classname="firmLead_TechnicalInterview.LoginPage_Create_an_Account"/>
  <testcase name="LoginPage_CreateAnAccount_007_LastName" time="0.324" classname="firmLead_TechnicalInterview.LoginPage_Create_an_Account"/>
  <testcase name="LoginPage_CreateAnAccount_008_Email" time="0.397" classname="firmLead_TechnicalInterview.LoginPage_Create_an_Account"/>
</testsuite> <!-- LoginPage_Create_an_Account -->
