<?xml version="1.0" encoding="UTF-8"?>
<!-- Generated by org.testng.reporters.JUnitXMLReporter -->
<testsuite hostname="LAPTOP-5EGJT544" ignored="0" name="LoginPage_ForgetPass" tests="2" failures="0" timestamp="2020-11-19T17:08:27 EST" time="5.449" errors="0">
  <testcase name="Forget_Password_Linkfunctionality" time="0.177" classname="firmLead_TechnicalInterview.LoginPage_ForgetPass"/>
  <testcase name="Forget_Password_funct" time="0.093" classname="firmLead_TechnicalInterview.LoginPage_ForgetPass"/>
</testsuite> <!-- LoginPage_ForgetPass -->
