<?xml version="1.0" encoding="UTF-8"?>
<!-- Generated by org.testng.reporters.JUnitXMLReporter -->
<testsuite hostname="LAPTOP-5EGJT544" ignored="0" name="LoginPage_LoginFunctionality" tests="7" failures="1" timestamp="2020-11-19T17:08:21 EST" time="9.304" errors="0">
  <testcase name="loginFunctionality_012_Email_TextBoxenable" time="0.151" classname="firmLead_TechnicalInterview.LoginPage_LoginFunctionality"/>
  <testcase name="loginFunctionality_013_Password_TextBoxEnable" time="0.036" classname="firmLead_TechnicalInterview.LoginPage_LoginFunctionality"/>
  <testcase name="loginFunctionality_014_ValidEmail_ValidPassword" time="0.455" classname="firmLead_TechnicalInterview.LoginPage_LoginFunctionality">
    <failure type="java.lang.AssertionError" message="did not expect [https://demo.combyne.ag/login] but found [https://demo.combyne.ag/login]">
      <![CDATA[java.lang.AssertionError: did not expect [https://demo.combyne.ag/login] but found [https://demo.combyne.ag/login]
at firmLead_TechnicalInterview.LoginPage_LoginFunctionality.loginFunctionality_014_ValidEmail_ValidPassword(LoginPage_LoginFunctionality.java:97)
at java.util.ArrayList.forEach(Unknown Source)
... Removed 30 stack frames]]>
    </failure>
  </testcase> <!-- loginFunctionality_014_ValidEmail_ValidPassword -->
  <testcase name="loginFunctionality_015_InvalidEmail_ValidPassword" time="0.597" classname="firmLead_TechnicalInterview.LoginPage_LoginFunctionality"/>
  <testcase name="loginFunctionality_016_ValidEmail_InvalidPassword" time="0.375" classname="firmLead_TechnicalInterview.LoginPage_LoginFunctionality"/>
  <testcase name="loginFunctionality_017_NoEmail_NoPassword" time="0.341" classname="firmLead_TechnicalInterview.LoginPage_LoginFunctionality"/>
  <testcase name="loginFunctionality_018_InvalidEmail_InvalidPassword" time="0.337" classname="firmLead_TechnicalInterview.LoginPage_LoginFunctionality"/>
</testsuite> <!-- LoginPage_LoginFunctionality -->
